<?xml version="1.0" encoding="UTF-8"?>
<!-- Generated by org.testng.reporters.JUnitReportReporter -->
<testsuite hostname="DESKTOP-L39MVLS" failures="0" tests="1" name="testcase.VGGAdmin" time="1.729" errors="0" timestamp="2022-06-27T15:39:10 WAT" skipped="0">
  <testcase classname="testcase.VGGAdmin" name="LoginTest" time="1.729"/>
  <system-out/>
</testsuite> <!-- testcase.VGGAdmin -->
