<?xml version="1.0" encoding="UTF-8"?>
<!-- Generated by org.testng.reporters.JUnitReportReporter -->
<testsuite hostname="DESKTOP-L39MVLS" failures="0" tests="1" name="testcase.FormAuthentication" time="11.821" errors="0" timestamp="2023-01-27T12:52:00 WAT" skipped="0">
  <testcase classname="testcase.FormAuthentication" name="ValidLogin" time="11.821"/>
  <system-out/>
</testsuite> <!-- testcase.FormAuthentication -->
