<?xml version="1.0" encoding="UTF-8"?>
<!-- Generated by org.testng.reporters.JUnitReportReporter -->
<testsuite hostname="DESKTOP-L39MVLS" failures="0" tests="1" name="testcase.ValidLogin" time="12.183" errors="0" timestamp="2023-01-27T13:12:44 WAT" skipped="0">
  <testcase classname="testcase.ValidLogin" name="ValidLogin" time="12.183"/>
  <system-out/>
</testsuite> <!-- testcase.ValidLogin -->
