<?xml version="1.0" encoding="UTF-8"?>
<!-- Generated by org.testng.reporters.JUnitReportReporter -->
<testsuite hostname="DESKTOP-L39MVLS" failures="0" tests="1" name="testcase.InvalidLogin" time="1.996" errors="0" timestamp="2023-01-27T13:17:31 WAT" skipped="0">
  <testcase classname="testcase.InvalidLogin" name="InValidLogin" time="1.996"/>
  <system-out/>
</testsuite> <!-- testcase.InvalidLogin -->
