<?xml version="1.0" encoding="UTF-8"?>
<!-- Generated by org.testng.reporters.JUnitReportReporter -->
<testsuite hostname="DESKTOP-L39MVLS" failures="0" tests="1" name="testcase.Login" time="11.414" errors="0" timestamp="2022-06-22T15:45:56 WAT" skipped="0">
  <testcase classname="testcase.Login" name="LoginTest2" time="11.414"/>
  <system-out/>
</testsuite> <!-- testcase.Login -->
